2021-05-26 12:09:45 INFO  Aspect:25 - method name:UploadFile
2021-05-26 12:09:45 INFO  Aspect:29 - org.springframework.web.multipart.support.StandardMultipartHttpServletRequest$StandardMultipartFile@50df1666
2021-05-26 12:09:45 INFO  Aspect:25 - method name:UploadFile
2021-05-26 12:09:45 INFO  Aspect:29 - org.springframework.web.multipart.support.StandardMultipartHttpServletRequest$StandardMultipartFile@50df1666
2021-05-26 12:09:45 INFO  Aspect:25 - method name:transferFile
2021-05-26 12:09:45 INFO  Aspect:29 - D:\democsv\upload\test.csv
2021-05-26 12:09:45 INFO  Aspect:25 - method name:UploadFile
2021-05-26 12:09:45 INFO  Aspect:29 - org.springframework.web.multipart.support.StandardMultipartHttpServletRequest$StandardMultipartFile@50df1666
2021-05-26 12:09:45 INFO  Aspect:25 - method name:csvJson
2021-05-26 12:09:45 INFO  Aspect:29 - D:\democsv\upload\test.csv
2021-05-26 12:09:45 INFO  Aspect:25 - method name:DeleteFile
2021-05-26 12:09:45 INFO  Aspect:29 - org.springframework.web.multipart.support.StandardMultipartHttpServletRequest$StandardMultipartFile@50df1666
2021-05-26 12:09:45 INFO  Aspect:25 - method name:listFile
2021-05-26 12:09:47 INFO  Aspect:25 - method name:DownloadFile
2021-05-26 12:09:47 INFO  Aspect:29 - test.json
2021-05-26 12:09:47 INFO  Aspect:25 - method name:DownloadFile
2021-05-26 12:09:47 INFO  Aspect:29 - test.json
2021-05-26 12:11:36 INFO  Aspect:25 - method name:UploadFile
2021-05-26 12:11:36 INFO  Aspect:29 - org.springframework.web.multipart.support.StandardMultipartHttpServletRequest$StandardMultipartFile@78a7c0c2
2021-05-26 12:11:36 INFO  Aspect:25 - method name:UploadFile
2021-05-26 12:11:36 INFO  Aspect:29 - org.springframework.web.multipart.support.StandardMultipartHttpServletRequest$StandardMultipartFile@78a7c0c2
2021-05-26 12:11:36 INFO  Aspect:25 - method name:transferFile
2021-05-26 12:11:36 INFO  Aspect:29 - D:\democsv\upload\test.csv
2021-05-26 12:11:36 INFO  Aspect:25 - method name:UploadFile
2021-05-26 12:11:36 INFO  Aspect:29 - org.springframework.web.multipart.support.StandardMultipartHttpServletRequest$StandardMultipartFile@78a7c0c2
2021-05-26 12:11:36 INFO  Aspect:25 - method name:csvJson
2021-05-26 12:11:36 INFO  Aspect:29 - D:\democsv\upload\test.csv
2021-05-26 12:11:36 INFO  Aspect:25 - method name:DeleteFile
2021-05-26 12:11:36 INFO  Aspect:29 - org.springframework.web.multipart.support.StandardMultipartHttpServletRequest$StandardMultipartFile@78a7c0c2
2021-05-26 12:11:36 INFO  Aspect:25 - method name:listFile
2021-05-26 12:11:39 INFO  Aspect:25 - method name:DownloadFile
2021-05-26 12:11:39 INFO  Aspect:29 - test.json
2021-05-26 12:11:39 INFO  Aspect:25 - method name:DownloadFile
2021-05-26 12:11:39 INFO  Aspect:29 - test.json
2021-05-26 12:12:40 INFO  Aspect:25 - method name:UploadFile
2021-05-26 12:12:40 INFO  Aspect:29 - org.springframework.web.multipart.support.StandardMultipartHttpServletRequest$StandardMultipartFile@4828c06b
2021-05-26 12:12:40 INFO  Aspect:25 - method name:UploadFile
2021-05-26 12:12:40 INFO  Aspect:29 - org.springframework.web.multipart.support.StandardMultipartHttpServletRequest$StandardMultipartFile@4828c06b
2021-05-26 12:12:40 INFO  Aspect:25 - method name:transferFile
2021-05-26 12:12:40 INFO  Aspect:29 - D:\democsv\upload\申請類別.csv
2021-05-26 12:12:40 INFO  Aspect:25 - method name:UploadFile
2021-05-26 12:12:40 INFO  Aspect:29 - org.springframework.web.multipart.support.StandardMultipartHttpServletRequest$StandardMultipartFile@4828c06b
2021-05-26 12:12:40 INFO  Aspect:25 - method name:csvJson
2021-05-26 12:12:40 INFO  Aspect:29 - D:\democsv\upload\申請類別.csv
2021-05-26 12:12:40 INFO  Aspect:25 - method name:DeleteFile
2021-05-26 12:12:40 INFO  Aspect:29 - org.springframework.web.multipart.support.StandardMultipartHttpServletRequest$StandardMultipartFile@4828c06b
2021-05-26 12:12:40 INFO  Aspect:25 - method name:listFile
2021-05-26 12:12:42 INFO  Aspect:25 - method name:DownloadFile
2021-05-26 12:12:42 INFO  Aspect:29 - 申請類別.json
2021-05-26 12:12:42 INFO  Aspect:25 - method name:DownloadFile
2021-05-26 12:12:42 INFO  Aspect:29 - 申請類別.json
2021-05-26 12:12:48 INFO  Aspect:25 - method name:UploadFile
2021-05-26 12:12:48 INFO  Aspect:29 - org.springframework.web.multipart.support.StandardMultipartHttpServletRequest$StandardMultipartFile@2cce93dd
2021-05-26 12:12:48 INFO  Aspect:25 - method name:UploadFile
2021-05-26 12:12:48 INFO  Aspect:29 - org.springframework.web.multipart.support.StandardMultipartHttpServletRequest$StandardMultipartFile@2cce93dd
2021-05-26 12:12:48 INFO  Aspect:25 - method name:transferFile
2021-05-26 12:12:48 INFO  Aspect:29 - D:\democsv\upload\test.csv
2021-05-26 12:12:48 INFO  Aspect:25 - method name:UploadFile
2021-05-26 12:12:48 INFO  Aspect:29 - org.springframework.web.multipart.support.StandardMultipartHttpServletRequest$StandardMultipartFile@2cce93dd
2021-05-26 12:12:48 INFO  Aspect:25 - method name:csvJson
2021-05-26 12:12:48 INFO  Aspect:29 - D:\democsv\upload\test.csv
2021-05-26 12:12:48 INFO  Aspect:25 - method name:DeleteFile
2021-05-26 12:12:48 INFO  Aspect:29 - org.springframework.web.multipart.support.StandardMultipartHttpServletRequest$StandardMultipartFile@2cce93dd
2021-05-26 12:12:48 INFO  Aspect:25 - method name:listFile
2021-05-26 12:12:50 INFO  Aspect:25 - method name:DownloadFile
2021-05-26 12:12:50 INFO  Aspect:29 - test.xml
2021-05-26 12:12:50 INFO  Aspect:25 - method name:DownloadFile
2021-05-26 12:12:50 INFO  Aspect:29 - test.xml
2021-05-26 12:12:53 INFO  Aspect:25 - method name:DownloadFile
2021-05-26 12:12:53 INFO  Aspect:29 - 申請類別.xml
2021-05-26 12:12:53 INFO  Aspect:25 - method name:DownloadFile
2021-05-26 12:12:53 INFO  Aspect:29 - 申請類別.xml
2021-05-26 12:17:19 INFO  Aspect:25 - method name:UploadFile
2021-05-26 12:17:19 INFO  Aspect:29 - org.springframework.web.multipart.support.StandardMultipartHttpServletRequest$StandardMultipartFile@323fb660
2021-05-26 12:17:19 INFO  Aspect:25 - method name:UploadFile
2021-05-26 12:17:19 INFO  Aspect:29 - org.springframework.web.multipart.support.StandardMultipartHttpServletRequest$StandardMultipartFile@323fb660
2021-05-26 12:17:19 INFO  Aspect:25 - method name:transferFile
2021-05-26 12:17:19 INFO  Aspect:29 - D:\democsv\upload\身份別分佈.csv
2021-05-26 12:17:20 INFO  Aspect:25 - method name:UploadFile
2021-05-26 12:17:20 INFO  Aspect:29 - org.springframework.web.multipart.support.StandardMultipartHttpServletRequest$StandardMultipartFile@323fb660
2021-05-26 12:17:20 INFO  Aspect:25 - method name:csvJson
2021-05-26 12:17:20 INFO  Aspect:29 - D:\democsv\upload\身份別分佈.csv
2021-05-26 12:17:20 INFO  Aspect:25 - method name:DeleteFile
2021-05-26 12:17:20 INFO  Aspect:29 - org.springframework.web.multipart.support.StandardMultipartHttpServletRequest$StandardMultipartFile@323fb660
2021-05-26 12:17:20 INFO  Aspect:25 - method name:listFile
2021-05-26 12:17:21 INFO  Aspect:25 - method name:DownloadFile
2021-05-26 12:17:21 INFO  Aspect:29 - 身份別分佈.json
2021-05-26 12:17:21 INFO  Aspect:25 - method name:DownloadFile
2021-05-26 12:17:21 INFO  Aspect:29 - 身份別分佈.json
2021-05-26 12:19:27 INFO  Aspect:25 - method name:listFile
2021-05-26 12:19:29 INFO  Aspect:25 - method name:DownloadFile
2021-05-26 12:19:29 INFO  Aspect:29 - 身份別分佈.json
2021-05-26 12:19:29 INFO  Aspect:25 - method name:DownloadFile
2021-05-26 12:19:29 INFO  Aspect:29 - 身份別分佈.json
2021-05-26 12:21:06 INFO  Aspect:25 - method name:listFile
2021-05-26 12:21:08 INFO  Aspect:25 - method name:DownloadFile
2021-05-26 12:21:08 INFO  Aspect:29 - 身份別分佈.xml
2021-05-26 12:21:08 INFO  Aspect:25 - method name:DownloadFile
2021-05-26 12:21:08 INFO  Aspect:29 - 身份別分佈.xml
2021-05-27 13:05:55 INFO  Aspect:25 - method name:UploadFile
2021-05-27 13:05:55 INFO  Aspect:29 - org.springframework.web.multipart.support.StandardMultipartHttpServletRequest$StandardMultipartFile@327e7a6d
2021-05-27 13:05:55 INFO  Aspect:25 - method name:UploadFile
2021-05-27 13:05:55 INFO  Aspect:29 - org.springframework.web.multipart.support.StandardMultipartHttpServletRequest$StandardMultipartFile@327e7a6d
2021-05-27 13:05:55 INFO  Aspect:25 - method name:transferFile
2021-05-27 13:05:55 INFO  Aspect:29 - D:\democsv\upload\身份別分佈.csv
2021-05-27 13:05:55 INFO  Aspect:25 - method name:UploadFile
2021-05-27 13:05:55 INFO  Aspect:29 - org.springframework.web.multipart.support.StandardMultipartHttpServletRequest$StandardMultipartFile@327e7a6d
2021-05-27 13:05:55 INFO  Aspect:25 - method name:csvJson
2021-05-27 13:05:55 INFO  Aspect:29 - D:\democsv\upload\身份別分佈.csv
2021-05-27 13:05:55 INFO  Aspect:25 - method name:DeleteFile
2021-05-27 13:05:55 INFO  Aspect:29 - org.springframework.web.multipart.support.StandardMultipartHttpServletRequest$StandardMultipartFile@327e7a6d
2021-05-27 13:05:56 INFO  Aspect:25 - method name:listFile
2021-05-27 13:05:59 INFO  Aspect:25 - method name:DownloadFile
2021-05-27 13:05:59 INFO  Aspect:29 - 身份別分佈.xml
2021-05-27 13:05:59 INFO  Aspect:25 - method name:DownloadFile
2021-05-27 13:05:59 INFO  Aspect:29 - 身份別分佈.xml
2021-05-27 13:06:30 INFO  Aspect:25 - method name:listFile
2021-05-27 13:07:15 INFO  Aspect:25 - method name:UploadFile
2021-05-27 13:07:15 INFO  Aspect:29 - org.springframework.web.multipart.support.StandardMultipartHttpServletRequest$StandardMultipartFile@70a15d4
2021-05-27 13:07:15 INFO  Aspect:25 - method name:UploadFile
2021-05-27 13:07:15 INFO  Aspect:29 - org.springframework.web.multipart.support.StandardMultipartHttpServletRequest$StandardMultipartFile@70a15d4
2021-05-27 13:07:15 INFO  Aspect:25 - method name:transferFile
2021-05-27 13:07:15 INFO  Aspect:29 - D:\democsv\upload\性別年齡分佈.csv
2021-05-27 13:07:15 INFO  Aspect:25 - method name:UploadFile
2021-05-27 13:07:15 INFO  Aspect:29 - org.springframework.web.multipart.support.StandardMultipartHttpServletRequest$StandardMultipartFile@70a15d4
2021-05-27 13:07:15 INFO  Aspect:25 - method name:csvJson
2021-05-27 13:07:15 INFO  Aspect:29 - D:\democsv\upload\性別年齡分佈.csv
2021-05-27 13:07:15 INFO  Aspect:25 - method name:DeleteFile
2021-05-27 13:07:15 INFO  Aspect:29 - org.springframework.web.multipart.support.StandardMultipartHttpServletRequest$StandardMultipartFile@70a15d4
2021-05-27 13:07:15 INFO  Aspect:25 - method name:listFile
2021-05-27 13:07:17 INFO  Aspect:25 - method name:DownloadFile
2021-05-27 13:07:17 INFO  Aspect:29 - 性別年齡分佈.xml
2021-05-27 13:07:17 INFO  Aspect:25 - method name:DownloadFile
2021-05-27 13:07:17 INFO  Aspect:29 - 性別年齡分佈.xml
2021-05-27 15:06:09 INFO  Aspect:25 - method name:UploadFile
2021-05-27 15:06:09 INFO  Aspect:29 - org.springframework.web.multipart.support.StandardMultipartHttpServletRequest$StandardMultipartFile@68d16cfd
2021-05-27 15:06:09 INFO  Aspect:25 - method name:UploadFile
2021-05-27 15:06:09 INFO  Aspect:29 - org.springframework.web.multipart.support.StandardMultipartHttpServletRequest$StandardMultipartFile@68d16cfd
2021-05-27 15:06:09 INFO  Aspect:25 - method name:transferFile
2021-05-27 15:06:09 INFO  Aspect:29 - D:\democsv\upload\申請類別.csv
2021-05-27 15:06:09 INFO  Aspect:25 - method name:UploadFile
2021-05-27 15:06:09 INFO  Aspect:29 - org.springframework.web.multipart.support.StandardMultipartHttpServletRequest$StandardMultipartFile@68d16cfd
2021-05-27 15:06:09 INFO  Aspect:25 - method name:csvJson
2021-05-27 15:06:09 INFO  Aspect:29 - D:\democsv\upload\申請類別.csv
2021-05-27 15:06:09 INFO  Aspect:25 - method name:DeleteFile
2021-05-27 15:06:09 INFO  Aspect:29 - org.springframework.web.multipart.support.StandardMultipartHttpServletRequest$StandardMultipartFile@68d16cfd
2021-05-27 15:06:09 INFO  Aspect:25 - method name:listFile
2021-05-27 15:06:13 INFO  Aspect:25 - method name:DownloadFile
2021-05-27 15:06:13 INFO  Aspect:29 - 申請類別.xml
2021-05-27 15:06:13 INFO  Aspect:25 - method name:DownloadFile
2021-05-27 15:06:13 INFO  Aspect:29 - 申請類別.xml
